<?xml version="1.0" encoding="UTF-8"?>
<!-- Generated by org.testng.reporters.JUnitXMLReporter -->
<testsuite ignored="4" hostname="mac.lan" failures="0" tests="8" name="Default test" time="50.323" errors="0" timestamp="2024-09-28T00:17:40 EDT">
  <testcase classname="parallel_execution.LoginTest" name="loginWithValidCredentials" time="1.466"/>
  <testcase classname="parallel_execution.LoginTest" name="loginWithValidCredentials" time="1.861"/>
  <testcase classname="parallel_execution.LoginTest" name="loginWithValidCredentials" time="0.995"/>
  <testcase classname="parallel_execution.LoginTest" name="loginWithValidCredentials" time="1.266"/>
  <testcase classname="parallel_execution.LoginTest" name="loginWithValidCredentials" time="1.272"/>
  <testcase classname="parallel_execution.LoginTest" name="loginWithValidCredentials" time="0.938"/>
  <testcase classname="parallel_execution.LoginTest" name="loginWithValidCredentials" time="1.049"/>
  <testcase classname="parallel_execution.LoginTest" name="loginWithValidCredentials" time="1.112"/>
  <testcase classname="parallel_execution.LoginTest" name="loginWithInvalidEmailValidPassword" time="0.0">
    <ignored/>
  </testcase> <!-- loginWithInvalidEmailValidPassword -->
  <testcase classname="parallel_execution.LoginTest" name="loginWithNoCredentials" time="0.0">
    <ignored/>
  </testcase> <!-- loginWithNoCredentials -->
  <testcase classname="parallel_execution.LoginTest" name="loginWithInvalidCredentials" time="0.0">
    <ignored/>
  </testcase> <!-- loginWithInvalidCredentials -->
  <testcase classname="parallel_execution.LoginTest" name="loginWithValidEmailInvalidPassword" time="0.0">
    <ignored/>
  </testcase> <!-- loginWithValidEmailInvalidPassword -->
</testsuite> <!-- Default test -->
