<?xml version="1.0" encoding="UTF-8"?>
<!-- Generated by org.testng.reporters.JUnitXMLReporter -->
<testsuite ignored="1" hostname="mac.lan" failures="0" tests="4" name="LoginTest" time="26.892" errors="0" timestamp="2024-09-24T06:41:18 EDT">
  <testcase classname="parallel_execution.LoginTest" name="loginWithNoCredentials" time="0.78"/>
  <testcase classname="parallel_execution.LoginTest" name="loginWithInvalidCredentials" time="0.667"/>
  <testcase classname="parallel_execution.LoginTest" name="loginWithValidEmailInvalidPassword" time="0.619"/>
  <testcase classname="parallel_execution.LoginTest" name="loginWithInvalidEmailValidPassword" time="0.537"/>
  <testcase classname="parallel_execution.LoginTest" name="loginWithValidCredentials" time="0.0">
    <ignored/>
  </testcase> <!-- loginWithValidCredentials -->
</testsuite> <!-- LoginTest -->
