<?xml version="1.0" encoding="UTF-8"?>
<!-- Generated by org.testng.reporters.JUnitXMLReporter -->
<testsuite ignored="0" hostname="mac.lan" failures="0" tests="4" name="RegisterTest" time="25.896" errors="0" timestamp="2024-09-24T06:40:51 EDT">
  <testcase classname="parallel_execution.RegisterTest" name="verifyRegisterWithMandatoryDetails" time="1.202"/>
  <testcase classname="parallel_execution.RegisterTest" name="verifyRegisterWithAllDetails" time="1.167"/>
  <testcase classname="parallel_execution.RegisterTest" name="verifyRegisterWithIncorrectConfirmPassword" time="0.647"/>
  <testcase classname="parallel_execution.RegisterTest" name="verifyRegisterWithNoDetails" time="0.507"/>
</testsuite> <!-- RegisterTest -->
