<?xml version="1.0" encoding="UTF-8"?>
<!-- Generated by org.testng.reporters.JUnitXMLReporter -->
<testsuite ignored="0" hostname="mac.lan" failures="0" tests="3" name="SearchTest" time="14.443" errors="0" timestamp="2024-09-24T06:41:33 EDT">
  <testcase classname="parallel_execution.SearchTest" name="verifySearchWithInvalidProduct" time="0.417"/>
  <testcase classname="parallel_execution.SearchTest" name="verifySearchWithNoProduct" time="2.43"/>
  <testcase classname="parallel_execution.SearchTest" name="verifySearchWithValidProduct" time="0.689"/>
</testsuite> <!-- SearchTest -->
