<?xml version="1.0" encoding="UTF-8"?>
<!-- Generated by org.testng.reporters.JUnitXMLReporter -->
<testsuite ignored="0" hostname="mac.lan" failures="0" tests="3" name="SearchProductTest" time="14.607" errors="0" timestamp="2024-09-24T05:38:39 EDT">
  <testcase classname="parallel_execution.SearchTest" name="verifySearchWithInvalidProduct" time="2.491"/>
  <testcase classname="parallel_execution.SearchTest" name="verifySearchWithNoProduct" time="0.39"/>
  <testcase classname="parallel_execution.SearchTest" name="verifySearchWithValidProduct" time="2.729"/>
</testsuite> <!-- SearchProductTest -->
